app/build/outputs/logs/manifest-merger-debug-report.txt
-- Merging decision tree log ---
manifest
ADDED from src\main\AndroidManifest.xml:2:1-237:12
	xmlns:android
		ADDED from src\main\AndroidManifest.xml:2:11-69
	package
		ADDED from src\main\AndroidManifest.xml:3:5-41
		INJECTED from src\main\AndroidManifest.xml
		INJECTED from src\main\AndroidManifest.xml
	android:versionName
		ADDED from src\main\AndroidManifest.xml:5:5-30
		INJECTED from src\main\AndroidManifest.xml
		INJECTED from src\main\AndroidManifest.xml
	android:versionCode
		ADDED from src\main\AndroidManifest.xml:4:5-28
		INJECTED from src\main\AndroidManifest.xml
		INJECTED from src\main\AndroidManifest.xml
uses-sdk
ADDED from src\main\AndroidManifest.xml:7:5-9:40
MERGED from [com.android.support:multidex:1.0.1] AndroidManifest.xml:18:5-42
MERGED from [com.android.support:support-v4:23.3.0] AndroidManifest.xml:20:5-43
	android:targetSdkVersion
		ADDED from src\main\AndroidManifest.xml:9:9-38
		INJECTED from src\main\AndroidManifest.xml
		INJECTED from src\main\AndroidManifest.xml
	android:minSdkVersion
		ADDED from src\main\AndroidManifest.xml:8:9-35
		INJECTED from src\main\AndroidManifest.xml
		INJECTED from src\main\AndroidManifest.xml
uses-permission#android.permission.MOUNT_UNMOUNT_FILESYSTEMS
ADDED from src\main\AndroidManifest.xml:12:5-83
	android:name
		ADDED from src\main\AndroidManifest.xml:12:22-81
uses-permission#android.permission.WRITE_EXTERNAL_STORAGE
ADDED from src\main\AndroidManifest.xml:14:5-80
	android:name
		ADDED from src\main\AndroidManifest.xml:14:22-78
uses-permission#android.permission.GET_ACCOUNTS
ADDED from src\main\AndroidManifest.xml:17:5-71
	android:name
		ADDED from src\main\AndroidManifest.xml:17:22-68
uses-permission#android.permission.USE_CREDENTIALS
ADDED from src\main\AndroidManifest.xml:18:2-71
	android:name
		ADDED from src\main\AndroidManifest.xml:18:19-68
uses-permission#android.permission.MANAGE_ACCOUNTS
ADDED from src\main\AndroidManifest.xml:19:2-71
	android:name
		ADDED from src\main\AndroidManifest.xml:19:19-68
uses-permission#android.permission.AUTHENTICATE_ACCOUNTS
ADDED from src\main\AndroidManifest.xml:20:2-77
	android:name
		ADDED from src\main\AndroidManifest.xml:20:19-74
uses-permission#android.permission.ACCESS_NETWORK_STATE
ADDED from src\main\AndroidManifest.xml:21:2-76
	android:name
		ADDED from src\main\AndroidManifest.xml:21:19-73
uses-permission#android.permission.ACCESS_WIFI_STATE
ADDED from src\main\AndroidManifest.xml:22:5-76
	android:name
		ADDED from src\main\AndroidManifest.xml:22:22-73
uses-permission#android.permission.INTERNET
ADDED from src\main\AndroidManifest.xml:23:2-64
	android:name
		ADDED from src\main\AndroidManifest.xml:23:19-61
uses-permission#com.android.launcher.permission.READ_SETTINGS
ADDED from src\main\AndroidManifest.xml:24:2-82
	android:name
		ADDED from src\main\AndroidManifest.xml:24:19-79
uses-permission#android.permission.CHANGE_WIFI_STATE
ADDED from src\main\AndroidManifest.xml:25:2-73
	android:name
		ADDED from src\main\AndroidManifest.xml:25:19-70
uses-permission#android.permission.READ_PHONE_STATE
ADDED from src\main\AndroidManifest.xml:27:2-72
	android:name
		ADDED from src\main\AndroidManifest.xml:27:19-69
uses-permission#android.permission.BROADCAST_STICKY
ADDED from src\main\AndroidManifest.xml:29:2-72
	android:name
		ADDED from src\main\AndroidManifest.xml:29:19-69
uses-permission#android.permission.WRITE_SETTINGS
ADDED from src\main\AndroidManifest.xml:30:2-70
	android:name
		ADDED from src\main\AndroidManifest.xml:30:19-67
uses-permission#android.permission.WAKE_LOCK
ADDED from src\main\AndroidManifest.xml:33:5-68
	android:name
		ADDED from src\main\AndroidManifest.xml:33:22-65
application
ADDED from src\main\AndroidManifest.xml:35:5-235:19
MERGED from [com.android.support:support-v4:23.3.0] AndroidManifest.xml:22:5-20
	android:supportsRtl
		ADDED from src\main\AndroidManifest.xml:38:9-35
	android:label
		ADDED from src\main\AndroidManifest.xml:39:9-41
	android:allowBackup
		ADDED from src\main\AndroidManifest.xml:36:9-35
	android:icon
		ADDED from src\main\AndroidManifest.xml:37:9-45
	android:theme
		ADDED from src\main\AndroidManifest.xml:40:9-40
	android:name
		ADDED from src\main\AndroidManifest.xml:41:9-35
meta-data#com.baidu.lbsapi.API_KEY
ADDED from src\main\AndroidManifest.xml:44:9-46:52
	android:name
		ADDED from src\main\AndroidManifest.xml:45:9-48
	android:value
		ADDED from src\main\AndroidManifest.xml:46:9-49
activity#com.kingz.uiusingListViews.MainActivity
ADDED from src\main\AndroidManifest.xml:49:9-58:20
	android:label
		ADDED from src\main\AndroidManifest.xml:52:13-45
	android:theme
		ADDED from src\main\AndroidManifest.xml:51:13-66
	android:name
		ADDED from src\main\AndroidManifest.xml:50:13-67
intent-filter#android.intent.action.MAIN+android.intent.category.HOME+android.intent.category.LAUNCHER
ADDED from src\main\AndroidManifest.xml:53:13-57:29
action#android.intent.action.MAIN
ADDED from src\main\AndroidManifest.xml:54:17-69
	android:name
		ADDED from src\main\AndroidManifest.xml:54:25-66
category#android.intent.category.LAUNCHER
ADDED from src\main\AndroidManifest.xml:55:17-76
	android:name
		ADDED from src\main\AndroidManifest.xml:55:27-74
category#android.intent.category.HOME
ADDED from src\main\AndroidManifest.xml:56:17-72
	android:name
		ADDED from src\main\AndroidManifest.xml:56:27-70
activity#com.kingz.uiusingWidgets.SeekBarActivity
ADDED from src\main\AndroidManifest.xml:61:9-62:75
	android:theme
		ADDED from src\main\AndroidManifest.xml:62:19-72
	android:name
		ADDED from src\main\AndroidManifest.xml:61:19-74
activity#com.kingz.uiusingWidgets.UsingCustomSeekBar
ADDED from src\main\AndroidManifest.xml:65:9-66:73
	android:theme
		ADDED from src\main\AndroidManifest.xml:66:18-71
	android:name
		ADDED from src\main\AndroidManifest.xml:65:19-77
activity#com.kingz.uiusingCanvas.CustomCanvasSeekBarAct
ADDED from src\main\AndroidManifest.xml:68:9-70:68
	android:theme
		ADDED from src\main\AndroidManifest.xml:70:13-66
	android:name
		ADDED from src\main\AndroidManifest.xml:69:13-74
activity#com.kingz.uiusingWidgets.UsingProgressBarAct
ADDED from src\main\AndroidManifest.xml:73:9-74:72
	android:theme
		ADDED from src\main\AndroidManifest.xml:74:17-70
	android:name
		ADDED from src\main\AndroidManifest.xml:73:19-78
activity#com.kingz.uiusingWidgets.ToastTestActivity
ADDED from src\main\AndroidManifest.xml:76:9-77:72
	android:theme
		ADDED from src\main\AndroidManifest.xml:77:17-70
	android:name
		ADDED from src\main\AndroidManifest.xml:76:19-76
activity#com.kingz.uiusingListViews.LayoutActivityListView
ADDED from src\main\AndroidManifest.xml:81:9-82:74
	android:theme
		ADDED from src\main\AndroidManifest.xml:82:19-72
	android:name
		ADDED from src\main\AndroidManifest.xml:81:19-83
activity#com.kingz.uiusingLayout.LinearLayoutTest_Act
ADDED from src\main\AndroidManifest.xml:84:9-85:74
	android:theme
		ADDED from src\main\AndroidManifest.xml:85:19-72
	android:name
		ADDED from src\main\AndroidManifest.xml:84:19-78
activity#com.kingz.uiusingLayout.FragmentPageFromCode
ADDED from src\main\AndroidManifest.xml:87:9-89:58
	android:screenOrientation
		ADDED from src\main\AndroidManifest.xml:89:19-56
	android:theme
		ADDED from src\main\AndroidManifest.xml:88:19-72
	android:name
		ADDED from src\main\AndroidManifest.xml:87:19-78
activity#com.kingz.uiusingLayout.FragmentPageFromXml
ADDED from src\main\AndroidManifest.xml:91:9-92:74
	android:theme
		ADDED from src\main\AndroidManifest.xml:92:19-72
	android:name
		ADDED from src\main\AndroidManifest.xml:91:19-77
activity#com.kingz.controls.BasicControlsActivity
ADDED from src\main\AndroidManifest.xml:95:9-96:74
	android:theme
		ADDED from src\main\AndroidManifest.xml:96:19-72
	android:name
		ADDED from src\main\AndroidManifest.xml:95:19-74
activity#com.kingz.controls.MyGridView
ADDED from src\main\AndroidManifest.xml:97:9-98:74
	android:theme
		ADDED from src\main\AndroidManifest.xml:98:19-72
	android:name
		ADDED from src\main\AndroidManifest.xml:97:19-63
activity#com.kingz.uiusingListViews.CustomWidgetsActivity
ADDED from src\main\AndroidManifest.xml:101:9-102:74
	android:theme
		ADDED from src\main\AndroidManifest.xml:102:19-72
	android:name
		ADDED from src\main\AndroidManifest.xml:101:19-56
activity#com.kingz.uiusingActivity.LableTextView_Act
ADDED from src\main\AndroidManifest.xml:104:9-105:74
	android:theme
		ADDED from src\main\AndroidManifest.xml:105:19-72
	android:name
		ADDED from src\main\AndroidManifest.xml:104:19-77
activity#com.kingz.uiusingListViews.FourComponentListView
ADDED from src\main\AndroidManifest.xml:108:9-109:74
	android:theme
		ADDED from src\main\AndroidManifest.xml:109:19-72
	android:name
		ADDED from src\main\AndroidManifest.xml:108:19-82
activity#com.kingz.four_components.ServiceComponentsACT
ADDED from src\main\AndroidManifest.xml:111:9-112:74
	android:theme
		ADDED from src\main\AndroidManifest.xml:112:19-72
	android:name
		ADDED from src\main\AndroidManifest.xml:111:19-80
activity#com.kingz.four_components.ObtainConnectPeopleActivity
ADDED from src\main\AndroidManifest.xml:114:9-115:74
	android:theme
		ADDED from src\main\AndroidManifest.xml:115:19-72
	android:name
		ADDED from src\main\AndroidManifest.xml:114:19-87
activity#com.kingz.uiusingActivity.FileAndPicTestACT
ADDED from src\main\AndroidManifest.xml:118:9-119:74
	android:theme
		ADDED from src\main\AndroidManifest.xml:119:19-72
	android:name
		ADDED from src\main\AndroidManifest.xml:118:19-77
activity#com.kingz.datasave.DataByFileActivity
ADDED from src\main\AndroidManifest.xml:121:9-122:74
	android:theme
		ADDED from src\main\AndroidManifest.xml:122:19-72
	android:name
		ADDED from src\main\AndroidManifest.xml:121:19-71
activity#com.kingz.uiusingActivity.BitmapActivity
ADDED from src\main\AndroidManifest.xml:126:9-127:74
	android:theme
		ADDED from src\main\AndroidManifest.xml:127:19-72
	android:name
		ADDED from src\main\AndroidManifest.xml:126:19-74
activity#com.AsuyncTaskJsonTest.AsynctaskBitmapMainActivity
ADDED from src\main\AndroidManifest.xml:130:9-131:74
	android:theme
		ADDED from src\main\AndroidManifest.xml:131:19-72
	android:name
		ADDED from src\main\AndroidManifest.xml:130:19-84
activity#com.customview.NetworkSpeed.NetworkSpeedActivity
ADDED from src\main\AndroidManifest.xml:134:9-136:60
	android:screenOrientation
		ADDED from src\main\AndroidManifest.xml:136:21-58
	android:theme
		ADDED from src\main\AndroidManifest.xml:135:19-72
	android:name
		ADDED from src\main\AndroidManifest.xml:134:19-82
activity#com.kingz.filemanager.FileManagerActivity
ADDED from src\main\AndroidManifest.xml:139:9-140:74
	android:theme
		ADDED from src\main\AndroidManifest.xml:140:19-72
	android:name
		ADDED from src\main\AndroidManifest.xml:139:19-75
activity#com.customview.FingerBallActivity
ADDED from src\main\AndroidManifest.xml:143:9-144:74
	android:theme
		ADDED from src\main\AndroidManifest.xml:144:19-72
	android:name
		ADDED from src\main\AndroidManifest.xml:143:19-67
activity#com.customview.CircleViewActivity
ADDED from src\main\AndroidManifest.xml:147:9-148:74
	android:theme
		ADDED from src\main\AndroidManifest.xml:148:19-72
	android:name
		ADDED from src\main\AndroidManifest.xml:147:19-67
activity#com.kingz.uiusingWidgets.KingWebViewActivity
ADDED from src\main\AndroidManifest.xml:151:9-152:74
	android:theme
		ADDED from src\main\AndroidManifest.xml:152:19-72
	android:name
		ADDED from src\main\AndroidManifest.xml:151:19-78
activity#com.customview.listview.CustomListViewActivity
ADDED from src\main\AndroidManifest.xml:155:9-156:74
	android:theme
		ADDED from src\main\AndroidManifest.xml:156:19-72
	android:name
		ADDED from src\main\AndroidManifest.xml:155:19-80
activity#com.customview.listview.SliderListViewActivity
ADDED from src\main\AndroidManifest.xml:158:9-159:57
	android:screenOrientation
		ADDED from src\main\AndroidManifest.xml:159:19-55
	android:name
		ADDED from src\main\AndroidManifest.xml:158:19-80
activity#com.customview.slider.wzviewpager.WZViewPagerActicity
ADDED from src\main\AndroidManifest.xml:162:9-163:74
	android:theme
		ADDED from src\main\AndroidManifest.xml:163:19-72
	android:name
		ADDED from src\main\AndroidManifest.xml:162:19-87
activity#com.customview.WaveLoadingActivity
ADDED from src\main\AndroidManifest.xml:165:9-167:74
	android:screenOrientation
		ADDED from src\main\AndroidManifest.xml:166:19-55
	android:theme
		ADDED from src\main\AndroidManifest.xml:167:19-72
	android:name
		ADDED from src\main\AndroidManifest.xml:165:19-68
activity#com.customview.slider.wzviewpager.OriginViewPagerActivity
ADDED from src\main\AndroidManifest.xml:170:9-171:74
	android:theme
		ADDED from src\main\AndroidManifest.xml:171:19-72
	android:name
		ADDED from src\main\AndroidManifest.xml:170:19-91
activity#com.baidudemo.BaiduMapActivity
ADDED from src\main\AndroidManifest.xml:176:9-177:74
	android:theme
		ADDED from src\main\AndroidManifest.xml:177:19-72
	android:name
		ADDED from src\main\AndroidManifest.xml:176:19-64
activity#com.kingz.controls.SpansActivity
ADDED from src\main\AndroidManifest.xml:180:9-181:74
	android:theme
		ADDED from src\main\AndroidManifest.xml:181:19-72
	android:name
		ADDED from src\main\AndroidManifest.xml:180:19-66
activity#com.iflytek.synthesizer.VoiceActivity
ADDED from src\main\AndroidManifest.xml:184:9-185:74
	android:theme
		ADDED from src\main\AndroidManifest.xml:185:19-72
	android:name
		ADDED from src\main\AndroidManifest.xml:184:19-71
activity#com.mplayer.KingZMediaPlayer
ADDED from src\main\AndroidManifest.xml:190:9-192:58
	android:screenOrientation
		ADDED from src\main\AndroidManifest.xml:192:19-56
	android:theme
		ADDED from src\main\AndroidManifest.xml:191:19-72
	android:name
		ADDED from src\main\AndroidManifest.xml:190:19-62
activity#com.app.AlarmServiceActivity
ADDED from src\main\AndroidManifest.xml:198:9-200:57
	android:screenOrientation
		ADDED from src\main\AndroidManifest.xml:200:19-55
	android:theme
		ADDED from src\main\AndroidManifest.xml:199:19-61
	android:name
		ADDED from src\main\AndroidManifest.xml:198:19-62
service#com.kingz.four_components.ComponentsOfService
ADDED from src\main\AndroidManifest.xml:206:9-208:43
	android:exported
		ADDED from src\main\AndroidManifest.xml:208:18-41
	android:enabled
		ADDED from src\main\AndroidManifest.xml:207:18-40
	android:name
		ADDED from src\main\AndroidManifest.xml:206:18-78
service#com.kingz.four_components.service.BoundServiceDemo
ADDED from src\main\AndroidManifest.xml:211:9-212:19
	android:name
		ADDED from src\main\AndroidManifest.xml:211:18-83
service#com.kingz.four_components.IntentServicDemo
ADDED from src\main\AndroidManifest.xml:214:9-216:19
	android:exported
		ADDED from src\main\AndroidManifest.xml:215:18-42
	android:name
		ADDED from src\main\AndroidManifest.xml:214:18-75
service#com.baidu.location.f
ADDED from src\main\AndroidManifest.xml:219:9-227:19
	android:process
		ADDED from src\main\AndroidManifest.xml:222:13-38
	android:enabled
		ADDED from src\main\AndroidManifest.xml:221:13-35
	android:name
		ADDED from src\main\AndroidManifest.xml:220:13-48
intent-filter#com.baidu.location.service_v2.2
ADDED from src\main\AndroidManifest.xml:223:13-226:29
action#com.baidu.location.service_v2.2
ADDED from src\main\AndroidManifest.xml:224:17-225:26
	android:name
		ADDED from src\main\AndroidManifest.xml:224:25-71
provider#com.kingz.four_components.MyDemoContentProvider
ADDED from src\main\AndroidManifest.xml:230:9-233:20
	android:exported
		ADDED from src\main\AndroidManifest.xml:232:19-42
	android:authorities
		ADDED from src\main\AndroidManifest.xml:231:19-77
	android:name
		ADDED from src\main\AndroidManifest.xml:230:19-81